\BOOKMARK [0][-]{chapter.1}{\376\377\000A\000d\000m\000o\000n\000i\000t\000i\000o\000n\000s}{}% 1
\BOOKMARK [1][-]{section.1.1}{\376\377\000t\000o\000p\000i\000c}{chapter.1}% 2
\BOOKMARK [1][-]{section.1.2}{\376\377\000a\000d\000m\000o\000n\000i\000t\000i\000o\000n}{chapter.1}% 3
\BOOKMARK [1][-]{section.1.3}{\376\377\000a\000t\000t\000e\000n\000t\000i\000o\000n}{chapter.1}% 4
\BOOKMARK [1][-]{section.1.4}{\376\377\000c\000a\000u\000t\000i\000o\000n}{chapter.1}% 5
\BOOKMARK [1][-]{section.1.5}{\376\377\000d\000a\000n\000g\000e\000r}{chapter.1}% 6
\BOOKMARK [1][-]{section.1.6}{\376\377\000e\000r\000r\000o\000r}{chapter.1}% 7
\BOOKMARK [1][-]{section.1.7}{\376\377\000h\000i\000n\000t}{chapter.1}% 8
\BOOKMARK [1][-]{section.1.8}{\376\377\000i\000m\000p\000o\000r\000t\000a\000n\000t}{chapter.1}% 9
\BOOKMARK [1][-]{section.1.9}{\376\377\000n\000o\000t\000e}{chapter.1}% 10
\BOOKMARK [1][-]{section.1.10}{\376\377\000s\000e\000e\000a\000l\000s\000o}{chapter.1}% 11
\BOOKMARK [1][-]{section.1.11}{\376\377\000t\000i\000p}{chapter.1}% 12
\BOOKMARK [1][-]{section.1.12}{\376\377\000t\000o\000d\000o}{chapter.1}% 13
\BOOKMARK [1][-]{section.1.13}{\376\377\000w\000a\000r\000n\000i\000n\000g}{chapter.1}% 14
\BOOKMARK [0][-]{chapter.2}{\376\377\000A\000P\000I}{}% 15
\BOOKMARK [0][-]{chapter.3}{\376\377\000B\000l\000o\000c\000k\000s}{}% 16
\BOOKMARK [1][-]{section.3.1}{\376\377\000B\000l\000o\000c\000k\000\040\000Q\000u\000o\000t\000e\000s}{chapter.3}% 17
\BOOKMARK [2][-]{subsection.3.1.1}{\376\377\000E\000p\000i\000g\000r\000a\000p\000h}{section.3.1}% 18
\BOOKMARK [2][-]{subsection.3.1.2}{\376\377\000P\000u\000l\000l\000\040\000q\000u\000o\000t\000e\000s}{section.3.1}% 19
\BOOKMARK [2][-]{subsection.3.1.3}{\376\377\000H\000i\000g\000h\000l\000i\000g\000h\000t\000s}{section.3.1}% 20
\BOOKMARK [1][-]{section.3.2}{\376\377\000L\000i\000n\000e\000\040\000B\000l\000o\000c\000k\000s}{chapter.3}% 21
\BOOKMARK [1][-]{section.3.3}{\376\377\000M\000o\000n\000o\000s\000p\000a\000c\000e\000\040\000B\000l\000o\000c\000k\000s}{chapter.3}% 22
\BOOKMARK [2][-]{subsection.3.3.1}{\376\377\000P\000r\000o\000d\000u\000c\000t\000i\000o\000n\000\040\000L\000i\000s\000t}{section.3.3}% 23
\BOOKMARK [2][-]{subsection.3.3.2}{\376\377\000L\000i\000t\000e\000r\000a\000l\000\040\000B\000l\000o\000c\000k\000s}{section.3.3}% 24
\BOOKMARK [2][-]{subsection.3.3.3}{\376\377\000D\000o\000c\000t\000e\000s\000t\000\040\000B\000l\000o\000c\000k\000s}{section.3.3}% 25
\BOOKMARK [2][-]{subsection.3.3.4}{\376\377\000P\000a\000r\000s\000e\000d\000\040\000L\000i\000t\000e\000r\000a\000l\000s}{section.3.3}% 26
\BOOKMARK [2][-]{subsection.3.3.5}{\376\377\000C\000o\000d\000e\000\040\000B\000l\000o\000c\000k}{section.3.3}% 27
\BOOKMARK [3][-]{subsubsection*.6}{\376\377\000W\000i\000t\000h\000\040\000c\000a\000p\000t\000i\000o\000n}{subsection.3.3.5}% 28
\BOOKMARK [3][-]{subsubsection*.7}{\376\377\000W\000i\000t\000h\000\040\000l\000i\000n\000e\000\040\000n\000u\000m\000b\000e\000r\000s}{subsection.3.3.5}% 29
\BOOKMARK [3][-]{subsubsection*.8}{\376\377\000W\000i\000t\000h\000\040\000n\000o\000n\000e\000\040\000h\000i\000g\000h\000l\000i\000g\000h\000t\000i\000n\000g}{subsection.3.3.5}% 30
\BOOKMARK [0][-]{chapter.4}{\376\377\000I\000n\000d\000i\000c\000e\000s\000\040\000a\000n\000d\000\040\000t\000a\000b\000l\000e\000s}{}% 31
